# JRE version: Java(TM) SE Runtime Environment (15.0.1+9) (build 15.0.1+9-18)
# Java VM: Java HotSpot(TM) 64-Bit Server VM (15.0.1+9-18, mixed mode, sharing, tiered, compressed oops, g1 gc, windows-amd64)
GC Precious Log:
 CPUs: 4 total, 4 available
 Memory: 8071M
 Large Page Support: Disabled
 NUMA Support: Disabled
 Compressed Oops: Enabled (32-bit)
 Heap Region Size: 1M
 Heap Min Capacity: 8M
 Heap Initial Capacity: 128M
 Heap Max Capacity: 2018M
 Pre-touch: Disabled
 Parallel Workers: 4
 Concurrent Workers: 1
 Concurrent Refinement Workers: 4
 Periodic GC: Disabled
Heap:
 garbage-first heap   total 131072K, used 63108K [0x0000000081e00000, 0x0000000100000000)
  region size 1024K, 60 young (61440K), 7 survivors (7168K)
 Metaspace       used 17259K, capacity 17519K, committed 17792K, reserved 1064960K
  class space    used 1726K, capacity 1844K, committed 1920K, reserved 1048576K
GC Heap History (6 events):
Event: 1.389 GC heap before
{Heap before GC invocations=0 (full 0):
 garbage-first heap   total 131072K, used 12288K [0x0000000081e00000, 0x0000000100000000)
  region size 1024K, 13 young (13312K), 0 survivors (0K)
 Metaspace       used 2367K, capacity 6031K, committed 6272K, reserved 1056768K
  class space    used 184K, capacity 521K, committed 640K, reserved 1048576K
}
Event: 1.396 GC heap after
{Heap after GC invocations=1 (full 0):
 garbage-first heap   total 131072K, used 2930K [0x0000000081e00000, 0x0000000100000000)
  region size 1024K, 2 young (2048K), 2 survivors (2048K)
 Metaspace       used 2367K, capacity 6031K, committed 6272K, reserved 1056768K
  class space    used 184K, capacity 521K, committed 640K, reserved 1048576K
}
Event: 2.226 GC heap before
{Heap before GC invocations=1 (full 0):
 garbage-first heap   total 131072K, used 17266K [0x0000000081e00000, 0x0000000100000000)
  region size 1024K, 17 young (17408K), 2 survivors (2048K)
 Metaspace       used 6027K, capacity 8751K, committed 8832K, reserved 1056768K
  class space    used 604K, capacity 849K, committed 896K, reserved 1048576K
}
Event: 2.233 GC heap after
{Heap after GC invocations=2 (full 0):
 garbage-first heap   total 131072K, used 4115K [0x0000000081e00000, 0x0000000100000000)
  region size 1024K, 2 young (2048K), 2 survivors (2048K)
 Metaspace       used 6027K, capacity 8751K, committed 8832K, reserved 1056768K
  class space    used 604K, capacity 849K, committed 896K, reserved 1048576K
}
Event: 295.102 GC heap before
{Heap before GC invocations=2 (full 0):
 garbage-first heap   total 131072K, used 59411K [0x0000000081e00000, 0x0000000100000000)
  region size 1024K, 56 young (57344K), 2 survivors (2048K)
 Metaspace       used 16375K, capacity 16664K, committed 16768K, reserved 1064960K
  class space    used 1722K, capacity 1841K, committed 1920K, reserved 1048576K
}
Event: 295.117 GC heap after
{Heap after GC invocations=3 (full 0):
 garbage-first heap   total 131072K, used 9860K [0x0000000081e00000, 0x0000000100000000)
  region size 1024K, 7 young (7168K), 7 survivors (7168K)
 Metaspace       used 16375K, capacity 16664K, committed 16768K, reserved 1064960K
  class space    used 1722K, capacity 1841K, committed 1920K, reserved 1048576K
}

